<?xml version="1.0" encoding="UTF-8"?>
<testng-results skipped="0" failed="0" ignored="0" total="2" passed="2">
  <reporter-output>
  </reporter-output>
  <suite name="Default suite" duration-ms="5566" started-at="2021-02-13T16:17:25Z" finished-at="2021-02-13T16:17:31Z">
    <groups>
    </groups>
    <test name="Default test" duration-ms="5566" started-at="2021-02-13T16:17:25Z" finished-at="2021-02-13T16:17:31Z">
      <class name="Postman_test.Postman_API">
        <test-method status="PASS" signature="get_auth_title()[pri:0, instance:Postman_test.Postman_API@54c562f7]" name="get_auth_title" duration-ms="4791" started-at="2021-02-13T16:17:26Z" finished-at="2021-02-13T16:17:30Z">
          <reporter-output>
          </reporter-output>
        </test-method> <!-- get_auth_title -->
        <test-method status="PASS" signature="get_item_description()[pri:0, instance:Postman_test.Postman_API@54c562f7]" name="get_item_description" duration-ms="721" started-at="2021-02-13T16:17:30Z" finished-at="2021-02-13T16:17:31Z">
          <reporter-output>
          </reporter-output>
        </test-method> <!-- get_item_description -->
      </class> <!-- Postman_test.Postman_API -->
    </test> <!-- Default test -->
  </suite> <!-- Default suite -->
</testng-results>
